# JRE version: Java(TM) SE Runtime Environment (17.0.12+8) (build 17.0.12+8-LTS-286)
# Java VM: Java HotSpot(TM) 64-Bit Server VM (17.0.12+8-LTS-286, mixed mode, sharing, tiered, compressed oops, compressed class ptrs, g1 gc, windows-amd64)
GC Precious Log:
 CPUs: 16 total, 16 available
 Memory: 16066M
 Large Page Support: Disabled
 NUMA Support: Disabled
 Compressed Oops: Enabled (Zero based)
 Heap Region Size: 2M
 Heap Min Capacity: 8M
 Heap Initial Capacity: 252M
 Heap Max Capacity: 4018M
 Pre-touch: Disabled
 Parallel Workers: 13
 Concurrent Workers: 3
 Concurrent Refinement Workers: 13
 Periodic GC: Disabled
Heap:
 garbage-first heap   total 112640K, used 57859K [0x0000000704e00000, 0x0000000800000000)
  region size 2048K, 2 young (4096K), 2 survivors (4096K)
 Metaspace       used 30846K, committed 31232K, reserved 1114112K
  class space    used 3479K, committed 3648K, reserved 1048576K
GC Heap History (19 events):
Event: 0.438 GC heap before
{Heap before GC invocations=0 (full 0):
 garbage-first heap   total 258048K, used 22528K [0x0000000704e00000, 0x0000000800000000)
  region size 2048K, 11 young (22528K), 0 survivors (0K)
 Metaspace       used 5388K, committed 5568K, reserved 1114112K
  class space    used 639K, committed 704K, reserved 1048576K
}
Event: 0.441 GC heap after
{Heap after GC invocations=1 (full 0):
 garbage-first heap   total 258048K, used 3746K [0x0000000704e00000, 0x0000000800000000)
  region size 2048K, 2 young (4096K), 2 survivors (4096K)
 Metaspace       used 5388K, committed 5568K, reserved 1114112K
  class space    used 639K, committed 704K, reserved 1048576K
}
Event: 0.817 GC heap before
{Heap before GC invocations=1 (full 0):
 garbage-first heap   total 258048K, used 36514K [0x0000000704e00000, 0x0000000800000000)
  region size 2048K, 18 young (36864K), 2 survivors (4096K)
 Metaspace       used 9307K, committed 9472K, reserved 1114112K
  class space    used 1121K, committed 1216K, reserved 1048576K
}
Event: 0.819 GC heap after
{Heap after GC invocations=2 (full 0):
 garbage-first heap   total 258048K, used 5234K [0x0000000704e00000, 0x0000000800000000)
  region size 2048K, 1 young (2048K), 1 survivors (2048K)
 Metaspace       used 9307K, committed 9472K, reserved 1114112K
  class space    used 1121K, committed 1216K, reserved 1048576K
}
Event: 3.035 GC heap before
{Heap before GC invocations=2 (full 0):
 garbage-first heap   total 258048K, used 156786K [0x0000000704e00000, 0x0000000800000000)
  region size 2048K, 75 young (153600K), 1 survivors (2048K)
 Metaspace       used 16183K, committed 16384K, reserved 1114112K
  class space    used 1842K, committed 1920K, reserved 1048576K
}
Event: 3.042 GC heap after
{Heap after GC invocations=3 (full 0):
 garbage-first heap   total 258048K, used 17231K [0x0000000704e00000, 0x0000000800000000)
  region size 2048K, 7 young (14336K), 7 survivors (14336K)
 Metaspace       used 16183K, committed 16384K, reserved 1114112K
  class space    used 1842K, committed 1920K, reserved 1048576K
}
Event: 4.399 GC heap before
{Heap before GC invocations=3 (full 0):
 garbage-first heap   total 258048K, used 103247K [0x0000000704e00000, 0x0000000800000000)
  region size 2048K, 48 young (98304K), 7 survivors (14336K)
 Metaspace       used 21219K, committed 21504K, reserved 1114112K
  class space    used 2443K, committed 2560K, reserved 1048576K
}
Event: 4.408 GC heap after
{Heap after GC invocations=4 (full 0):
 garbage-first heap   total 258048K, used 28056K [0x0000000704e00000, 0x0000000800000000)
  region size 2048K, 4 young (8192K), 4 survivors (8192K)
 Metaspace       used 21219K, committed 21504K, reserved 1114112K
  class space    used 2443K, committed 2560K, reserved 1048576K
}
Event: 4.978 GC heap before
{Heap before GC invocations=5 (full 0):
 garbage-first heap   total 102400K, used 81304K [0x0000000704e00000, 0x0000000800000000)
  region size 2048K, 30 young (61440K), 4 survivors (8192K)
 Metaspace       used 26037K, committed 26432K, reserved 1114112K
  class space    used 2971K, committed 3136K, reserved 1048576K
}
Event: 4.985 GC heap after
{Heap after GC invocations=6 (full 0):
 garbage-first heap   total 112640K, used 47231K [0x0000000704e00000, 0x0000000800000000)
  region size 2048K, 4 young (8192K), 4 survivors (8192K)
 Metaspace       used 26037K, committed 26432K, reserved 1114112K
  class space    used 2971K, committed 3136K, reserved 1048576K
}
Event: 5.001 GC heap before
{Heap before GC invocations=6 (full 0):
 garbage-first heap   total 112640K, used 49279K [0x0000000704e00000, 0x0000000800000000)
  region size 2048K, 5 young (10240K), 4 survivors (8192K)
 Metaspace       used 26109K, committed 26496K, reserved 1114112K
  class space    used 2980K, committed 3136K, reserved 1048576K
}
Event: 5.006 GC heap after
{Heap after GC invocations=7 (full 0):
 garbage-first heap   total 112640K, used 49403K [0x0000000704e00000, 0x0000000800000000)
  region size 2048K, 1 young (2048K), 1 survivors (2048K)
 Metaspace       used 26109K, committed 26496K, reserved 1114112K
  class space    used 2980K, committed 3136K, reserved 1048576K
}
Event: 5.430 GC heap before
{Heap before GC invocations=7 (full 0):
 garbage-first heap   total 112640K, used 78075K [0x0000000704e00000, 0x0000000800000000)
  region size 2048K, 16 young (32768K), 1 survivors (2048K)
 Metaspace       used 27613K, committed 27968K, reserved 1114112K
  class space    used 3095K, committed 3264K, reserved 1048576K
}
Event: 5.437 GC heap after
{Heap after GC invocations=8 (full 0):
 garbage-first heap   total 112640K, used 54272K [0x0000000704e00000, 0x0000000800000000)
  region size 2048K, 2 young (4096K), 2 survivors (4096K)
 Metaspace       used 27613K, committed 27968K, reserved 1114112K
  class space    used 3095K, committed 3264K, reserved 1048576K
}
Event: 5.899 GC heap before
{Heap before GC invocations=8 (full 0):
 garbage-first heap   total 112640K, used 80896K [0x0000000704e00000, 0x0000000800000000)
  region size 2048K, 16 young (32768K), 2 survivors (4096K)
 Metaspace       used 28970K, committed 29312K, reserved 1114112K
  class space    used 3270K, committed 3456K, reserved 1048576K
}
Event: 5.906 GC heap after
{Heap after GC invocations=9 (full 0):
 garbage-first heap   total 112640K, used 55675K [0x0000000704e00000, 0x0000000800000000)
  region size 2048K, 1 young (2048K), 1 survivors (2048K)
 Metaspace       used 28970K, committed 29312K, reserved 1114112K
  class space    used 3270K, committed 3456K, reserved 1048576K
}
Event: 6.135 GC heap before
{Heap before GC invocations=10 (full 0):
 garbage-first heap   total 112640K, used 84347K [0x0000000704e00000, 0x0000000800000000)
  region size 2048K, 15 young (30720K), 1 survivors (2048K)
 Metaspace       used 29528K, committed 29952K, reserved 1114112K
  class space    used 3318K, committed 3520K, reserved 1048576K
}
Event: 6.140 GC heap after
{Heap after GC invocations=11 (full 0):
 garbage-first heap   total 112640K, used 56485K [0x0000000704e00000, 0x0000000800000000)
  region size 2048K, 1 young (2048K), 1 survivors (2048K)
 Metaspace       used 29528K, committed 29952K, reserved 1114112K
  class space    used 3318K, committed 3520K, reserved 1048576K
}
Event: 6.545 GC heap before
{Heap before GC invocations=11 (full 0):
 garbage-first heap   total 112640K, used 87205K [0x0000000704e00000, 0x0000000800000000)
  region size 2048K, 16 young (32768K), 1 survivors (2048K)
 Metaspace       used 30846K, committed 31232K, reserved 1114112K
  class space    used 3479K, committed 3648K, reserved 1048576K
}

